<?xml version="1.0" encoding="UTF-8"?>
<!-- Generated by org.testng.reporters.JUnitReportReporter -->
<testsuite hostname="LAPTOP-IT3C5ILE" name="TestCases.payBillsTC003" tests="1" failures="0" timestamp="24 Jun 2020 23:04:27 GMT" time="27.291" errors="0">
  <testcase name="verifyPaybills" time="27.291" classname="TestCases.payBillsTC003"/>
</testsuite> <!-- TestCases.payBillsTC003 -->
