<?xml version="1.0" encoding="UTF-8"?>
<!-- Generated by org.testng.reporters.JUnitReportReporter -->
<testsuite hostname="LAPTOP-IT3C5ILE" name="TestCases.LogInTC001" tests="1" failures="0" timestamp="24 Jun 2020 23:04:27 GMT" time="7.224" errors="0">
  <testcase name="verifyLogin" time="7.224" classname="TestCases.LogInTC001"/>
</testsuite> <!-- TestCases.LogInTC001 -->
