<?xml version="1.0" encoding="UTF-8"?>
<!-- Generated by org.testng.reporters.JUnitReportReporter -->
<testsuite hostname="LAPTOP-IT3C5ILE" name="TestCases.VerifyAddPayeeTC002" tests="1" failures="0" timestamp="24 Jun 2020 23:04:27 GMT" time="8.315" errors="0">
  <testcase name="verifyLogin" time="8.315" classname="TestCases.VerifyAddPayeeTC002"/>
</testsuite> <!-- TestCases.VerifyAddPayeeTC002 -->
