<?xml version="1.0" encoding="UTF-8"?>
<!-- Generated by org.testng.reporters.JUnitReportReporter -->
<testsuite skipped="0" hostname="LAPTOP-IT3C5ILE" name="TestCases.payBillsTC003" tests="1" failures="0" timestamp="2020-06-24T19:03:25 EDT" time="27.114" errors="0">
  <testcase name="verifyPaybills" time="27.114" classname="TestCases.payBillsTC003"/>
  <system-out/>
</testsuite> <!-- TestCases.payBillsTC003 -->
