<?xml version="1.0" encoding="UTF-8"?>
<!-- Generated by org.testng.reporters.JUnitReportReporter -->
<testsuite skipped="0" hostname="LAPTOP-IT3C5ILE" name="TestCases.VerifyAddPayeeTC002" tests="1" failures="0" timestamp="2020-06-24T19:03:25 EDT" time="8.330" errors="0">
  <testcase name="verifyLogin" time="8.330" classname="TestCases.VerifyAddPayeeTC002"/>
  <system-out/>
</testsuite> <!-- TestCases.VerifyAddPayeeTC002 -->
